CRITICAL - 2023-06-24 03:20:03 --> Invalid file: "templates/template.php"
in SYSTEMPATH\Exceptions\FrameworkException.php on line 33.
 1 SYSTEMPATH\View\View.php(201): CodeIgniter\Exceptions\FrameworkException::forInvalidFile('templates/template.php')
 2 SYSTEMPATH\View\View.php(229): CodeIgniter\View\View->render('templates/template', [], true)
 3 SYSTEMPATH\Common.php(1184): CodeIgniter\View\View->render('personal/home', [], true)
 4 APPPATH\Controllers\Home.php(13): view('personal/home')
 5 SYSTEMPATH\CodeIgniter.php(934): App\Controllers\Home->index()
 6 SYSTEMPATH\CodeIgniter.php(499): CodeIgniter\CodeIgniter->runController(Object(App\Controllers\Home))
 7 SYSTEMPATH\CodeIgniter.php(368): CodeIgniter\CodeIgniter->handleRequest(null, Object(Config\Cache), false)
 8 FCPATH\index.php(70): CodeIgniter\CodeIgniter->run()
 9 SYSTEMPATH\Commands\Server\rewrite.php(47): require_once('E:\\2023\\project\\eva\\public\\index.php')
CRITICAL - 2023-06-24 03:32:24 --> Invalid file: "templates/template.php"
in SYSTEMPATH\Exceptions\FrameworkException.php on line 33.
 1 SYSTEMPATH\View\View.php(201): CodeIgniter\Exceptions\FrameworkException::forInvalidFile('templates/template.php')
 2 SYSTEMPATH\View\View.php(229): CodeIgniter\View\View->render('templates/template', [], true)
 3 SYSTEMPATH\Common.php(1184): CodeIgniter\View\View->render('personal/portfolio', [], true)
 4 APPPATH\Controllers\Portfolio.php(11): view('personal/portfolio')
 5 SYSTEMPATH\CodeIgniter.php(934): App\Controllers\Portfolio->index()
 6 SYSTEMPATH\CodeIgniter.php(499): CodeIgniter\CodeIgniter->runController(Object(App\Controllers\Portfolio))
 7 SYSTEMPATH\CodeIgniter.php(368): CodeIgniter\CodeIgniter->handleRequest(null, Object(Config\Cache), false)
 8 FCPATH\index.php(70): CodeIgniter\CodeIgniter->run()
 9 SYSTEMPATH\Commands\Server\rewrite.php(47): require_once('E:\\2023\\project\\eva\\public\\index.php')
INFO - 2023-06-24 03:39:37 --> Session: Class initialized using 'CodeIgniter\Session\Handlers\FileHandler' driver.
